<?xml version="1.0" encoding="UTF-8"?>
<!-- Generated by org.testng.reporters.JUnitXMLReporter -->
<testsuite ignored="0" hostname="MacBook-Pro-Orlova.local" failures="0" tests="9" name="Media" time="157.274" errors="0" timestamp="2024-06-06T22:15:06 MSK">
  <testcase classname="org.itacademy.tests.MediaUploadTest" name="uploadMedia" time="19.162"/>
  <testcase classname="org.itacademy.tests.MediaUploadTest" name="deleteMedia" time="16.344"/>
  <testcase classname="org.itacademy.tests.AuthentificationTest" name="testLogIn" time="5.826"/>
  <testcase classname="org.itacademy.tests.AuthentificationTest" name="testLogOut" time="8.95"/>
  <testcase classname="org.itacademy.tests.PageCreateTest" name="testCreatePage" time="19.459"/>
  <testcase classname="org.itacademy.tests.PageCreateTest" name="testDeletePage" time="7.822"/>
  <testcase classname="org.itacademy.tests.PostCreateTest" name="testCreatePost" time="23.723"/>
  <testcase classname="org.itacademy.tests.PostCreateTest" name="testDeletePost" time="9.883"/>
  <testcase classname="org.itacademy.tests.IncorrectLoginTest" name="testIncorrectLogIn" time="1.261"/>
</testsuite> <!-- Media -->
