<?xml version="1.0" encoding="UTF-8"?>
<testsuite xmlns:xsi="http://www.w3.org/2001/XMLSchema-instance" xsi:noNamespaceSchemaLocation="https://maven.apache.org/surefire/maven-surefire-plugin/xsd/surefire-test-report-3.0.xsd" version="3.0" name="TestSuite" time="159.702" tests="9" errors="0" skipped="0" failures="0">
  <properties>
[...]
</properties>
  <testcase name="uploadMedia" classname="org.itacademy.tests.MediaUploadTest" time="19.237">
    <system-out><![CDATA[24/06/06 22:12:29 INFO BaseTest: Before test method
24/06/06 22:12:29 INFO Browser: Driver init
24/06/06 22:12:29 DEBUG Browser: Init method of browser
24/06/06 22:12:29 INFO BrowserFactory: Test try runs on browser : CHROME
24/06/06 22:12:33 DEBUG BrowserFactory: Driver ChromeDriver: chrome on mac (ff64d86b7b7f8dbadb4bbe79da4b667f)
24/06/06 22:12:37 INFO Browser: Browser is started
24/06/06 22:12:38 INFO MediaUploadTest: Test upload media is started
24/06/06 22:12:38 DEBUG JsonUtil: Getting User model from Json
24/06/06 22:12:38 DEBUG JsonUtil: Getting data from Json
24/06/06 22:12:38 DEBUG JsonUtil: Getting User model from Json
24/06/06 22:12:38 DEBUG JsonUtil: Getting data from Json
24/06/06 22:12:38 DEBUG LoginPage: looking for Login input field
24/06/06 22:12:38 DEBUG LoginPage: looking for Password input field
24/06/06 22:12:38 DEBUG LoginPage: Entering login and password
24/06/06 22:12:38 DEBUG LoginPage: Looking for Log in button
24/06/06 22:12:38 DEBUG LoginPage: Clicking on Log in button
24/06/06 22:12:43 INFO MainMenuPage: Check Main menu page is opened
24/06/06 22:12:47 INFO MediaPage: Check Media page is opened
24/06/06 22:12:47 DEBUG MediaPage: Looking for Add button
24/06/06 22:12:47 DEBUG MediaPage: Clicking on Add button
24/06/06 22:12:57 INFO MediaPage: Check Media page is opened
24/06/06 22:12:57 INFO MediaUploadTest: Test upload media is ended
]]></system-out>
    <system-err><![CDATA[SLF4J(W): No SLF4J providers were found.
SLF4J(W): Defaulting to no-operation (NOP) logger implementation
SLF4J(W): See https://www.slf4j.org/codes.html#noProviders for further details.
]]></system-err>
  </testcase>
  <testcase name="deleteMedia" classname="org.itacademy.tests.MediaUploadTest" time="16.351">
    <system-out><![CDATA[24/06/06 22:12:57 INFO BaseTest: After test method
24/06/06 22:12:57 INFO Browser: Browser is closed
24/06/06 22:12:57 INFO BaseTest: Before test method
24/06/06 22:12:57 INFO Browser: Driver init
24/06/06 22:12:57 DEBUG Browser: Init method of browser
24/06/06 22:12:57 INFO BrowserFactory: Test try runs on browser : CHROME
24/06/06 22:12:59 DEBUG BrowserFactory: Driver ChromeDriver: chrome on mac (242cd6c9c7ac87c077a2375b1ad75ff5)
24/06/06 22:13:03 INFO Browser: Browser is started
24/06/06 22:13:03 INFO MediaUploadTest: Test delete uploaded media is started
24/06/06 22:13:03 DEBUG JsonUtil: Getting User model from Json
24/06/06 22:13:03 DEBUG JsonUtil: Getting data from Json
24/06/06 22:13:03 DEBUG JsonUtil: Getting User model from Json
24/06/06 22:13:03 DEBUG JsonUtil: Getting data from Json
24/06/06 22:13:03 DEBUG LoginPage: looking for Login input field
24/06/06 22:13:03 DEBUG LoginPage: looking for Password input field
24/06/06 22:13:03 DEBUG LoginPage: Entering login and password
24/06/06 22:13:03 DEBUG LoginPage: Looking for Log in button
24/06/06 22:13:03 DEBUG LoginPage: Clicking on Log in button
24/06/06 22:13:09 INFO MainMenuPage: Check Main menu page is opened
24/06/06 22:13:12 INFO MediaPage: Check Media page is opened
24/06/06 22:13:12 DEBUG MediaPage: Post: post-4653 is recently created
24/06/06 22:13:13 DEBUG MediaPage: Select checkbox
24/06/06 22:13:13 DEBUG MediaPage: Post: post-4653 is selected
24/06/06 22:13:13 DEBUG MediaPage: Delete post-4653
24/06/06 22:13:13 DEBUG MediaPage: Looking for Apply button
24/06/06 22:13:13 DEBUG MediaPage: Clicking for Apply button
24/06/06 22:13:19 DEBUG MediaPage: Check post is deleted
]]></system-out>
  </testcase>
  <testcase name="testLogIn" classname="org.itacademy.tests.AuthentificationTest" time="5.829">
    <system-out><![CDATA[24/06/06 22:13:19 INFO BaseTest: After test method
24/06/06 22:13:20 INFO Browser: Browser is closed
24/06/06 22:13:20 INFO BaseTest: Before test method
24/06/06 22:13:20 INFO Browser: Driver init
24/06/06 22:13:20 DEBUG Browser: Init method of browser
24/06/06 22:13:20 INFO BrowserFactory: Test try runs on browser : CHROME
24/06/06 22:13:21 DEBUG BrowserFactory: Driver ChromeDriver: chrome on mac (3a47d727e9227ea8c7e2a7f98ed397be)
24/06/06 22:13:26 INFO Browser: Browser is started
24/06/06 22:13:26 INFO AuthentificationTest: Test is started
24/06/06 22:13:26 DEBUG JsonUtil: Getting User model from Json
24/06/06 22:13:26 DEBUG JsonUtil: Getting data from Json
24/06/06 22:13:26 DEBUG JsonUtil: Getting User model from Json
24/06/06 22:13:26 DEBUG JsonUtil: Getting data from Json
24/06/06 22:13:26 DEBUG LoginPage: looking for Login input field
24/06/06 22:13:26 DEBUG LoginPage: looking for Password input field
24/06/06 22:13:26 DEBUG LoginPage: Entering login and password
24/06/06 22:13:26 DEBUG LoginPage: Looking for Log in button
24/06/06 22:13:26 DEBUG LoginPage: Clicking on Log in button
24/06/06 22:13:31 INFO MainMenuPage: Check Main menu page is opened
24/06/06 22:13:32 INFO AuthentificationTest: Test case is finished
]]></system-out>
  </testcase>
  <testcase name="testLogOut" classname="org.itacademy.tests.AuthentificationTest" time="8.951">
    <system-out><![CDATA[24/06/06 22:13:32 INFO BaseTest: After test method
24/06/06 22:13:32 INFO Browser: Browser is closed
24/06/06 22:13:32 INFO BaseTest: Before test method
24/06/06 22:13:32 INFO Browser: Driver init
24/06/06 22:13:32 DEBUG Browser: Init method of browser
24/06/06 22:13:32 INFO BrowserFactory: Test try runs on browser : CHROME
24/06/06 22:13:34 DEBUG BrowserFactory: Driver ChromeDriver: chrome on mac (ef9d9c9cf17611a99e9b5ca39c8af2ac)
24/06/06 22:13:37 INFO Browser: Browser is started
24/06/06 22:13:37 DEBUG JsonUtil: Getting User model from Json
24/06/06 22:13:37 DEBUG JsonUtil: Getting data from Json
24/06/06 22:13:37 DEBUG JsonUtil: Getting User model from Json
24/06/06 22:13:37 DEBUG JsonUtil: Getting data from Json
24/06/06 22:13:37 DEBUG LoginPage: looking for Login input field
24/06/06 22:13:38 DEBUG LoginPage: looking for Password input field
24/06/06 22:13:38 DEBUG LoginPage: Entering login and password
24/06/06 22:13:38 DEBUG LoginPage: Looking for Log in button
24/06/06 22:13:38 DEBUG LoginPage: Clicking on Log in button
24/06/06 22:13:43 INFO MainMenuPage: Check Main menu page is opened
24/06/06 22:13:43 INFO AuthentificationTest: Test case is finished
]]></system-out>
  </testcase>
  <testcase name="testCreatePage" classname="org.itacademy.tests.PageCreateTest" time="19.46">
    <system-out><![CDATA[24/06/06 22:13:46 INFO BaseTest: After test method
24/06/06 22:13:47 INFO Browser: Browser is closed
24/06/06 22:13:47 INFO Browser: Driver init
24/06/06 22:13:47 DEBUG Browser: Init method of browser
24/06/06 22:13:47 INFO BrowserFactory: Test try runs on browser : CHROME
24/06/06 22:13:49 DEBUG BrowserFactory: Driver ChromeDriver: chrome on mac (d7c336c5148f888a9d23a28eee3faaf0)
24/06/06 22:13:52 INFO Browser: Browser is started
24/06/06 22:13:52 INFO MediaUploadTest: Test create page is started
24/06/06 22:13:52 DEBUG JsonUtil: Getting User model from Json
24/06/06 22:13:52 DEBUG JsonUtil: Getting data from Json
24/06/06 22:13:52 DEBUG JsonUtil: Getting User model from Json
24/06/06 22:13:52 DEBUG JsonUtil: Getting data from Json
24/06/06 22:13:52 DEBUG LoginPage: looking for Login input field
24/06/06 22:13:52 DEBUG LoginPage: looking for Password input field
24/06/06 22:13:52 DEBUG LoginPage: Entering login and password
24/06/06 22:13:53 DEBUG LoginPage: Looking for Log in button
24/06/06 22:13:53 DEBUG LoginPage: Clicking on Log in button
24/06/06 22:14:09 INFO CreatePagePage: Click Publish button
24/06/06 22:14:10 INFO CreatePagePage: Check page is created
24/06/06 22:14:12 INFO CreatePagePage: Page post-4654 is created
24/06/06 22:14:12 INFO MediaUploadTest: Test create page is ended
]]></system-out>
  </testcase>
  <testcase name="testDeletePage" classname="org.itacademy.tests.PageCreateTest" time="7.823">
    <system-out><![CDATA[24/06/06 22:14:12 INFO MediaUploadTest: Test delete created page is started
24/06/06 22:14:12 INFO CreatePagePage: Click View posts
24/06/06 22:14:14 DEBUG PagesPage: Post from Post page: post-4654 is recently created
24/06/06 22:14:14 DEBUG PagesPage: Select checkbox
24/06/06 22:14:15 DEBUG PagesPage: Post from Post page: post-4654 is selected
24/06/06 22:14:15 DEBUG PagesPage: Delete post-4654
24/06/06 22:14:15 DEBUG PagesPage: Looking for Apply button
24/06/06 22:14:15 DEBUG PagesPage: Clicking for Apply button
24/06/06 22:14:19 DEBUG PagesPage: Check post is deleted
]]></system-out>
  </testcase>
  <testcase name="testCreatePost" classname="org.itacademy.tests.PostCreateTest" time="23.723">
    <system-out><![CDATA[24/06/06 22:14:20 INFO Browser: Browser is closed
24/06/06 22:14:20 INFO Browser: Driver init
24/06/06 22:14:20 DEBUG Browser: Init method of browser
24/06/06 22:14:20 INFO BrowserFactory: Test try runs on browser : CHROME
24/06/06 22:14:22 DEBUG BrowserFactory: Driver ChromeDriver: chrome on mac (5bee3268e3b4dc0de2a882ef97a1b610)
24/06/06 22:14:25 INFO Browser: Browser is started
24/06/06 22:14:25 INFO PostCreateTest: Test create post is started
24/06/06 22:14:25 DEBUG JsonUtil: Getting User model from Json
24/06/06 22:14:25 DEBUG JsonUtil: Getting data from Json
24/06/06 22:14:25 DEBUG JsonUtil: Getting User model from Json
24/06/06 22:14:25 DEBUG JsonUtil: Getting data from Json
24/06/06 22:14:25 DEBUG LoginPage: looking for Login input field
24/06/06 22:14:25 DEBUG LoginPage: looking for Password input field
24/06/06 22:14:25 DEBUG LoginPage: Entering login and password
24/06/06 22:14:26 DEBUG LoginPage: Looking for Log in button
24/06/06 22:14:26 DEBUG LoginPage: Clicking on Log in button
24/06/06 22:14:33 INFO MainMenuPage: Check Main menu page is opened
24/06/06 22:14:37 INFO PostsPage: Open Posts page
24/06/06 22:14:46 INFO CreatePostPage: Creating a tag
24/06/06 22:14:46 INFO CreatePostPage: Click Publish
24/06/06 22:14:46 INFO CreatePostPage: Check post is created
24/06/06 22:14:49 INFO CreatePostPage: Post post-4656 is created
24/06/06 22:14:49 INFO PostCreateTest: Test create post is ended
]]></system-out>
  </testcase>
  <testcase name="testDeletePost" classname="org.itacademy.tests.PostCreateTest" time="9.885">
    <system-out><![CDATA[24/06/06 22:14:49 INFO PostCreateTest: Test delete post is started
24/06/06 22:14:49 INFO CreatePostPage: Click View posts
24/06/06 22:14:49 INFO PostsPage: Open Posts page
24/06/06 22:14:53 DEBUG PostsPage: Post from Post page: post-4656 is recently created
24/06/06 22:14:53 DEBUG PostsPage: Select checkbox
24/06/06 22:14:53 DEBUG PostsPage: Post from Post page: post-4656 is selected
24/06/06 22:14:54 DEBUG PostsPage: Delete post-4656
24/06/06 22:14:54 DEBUG PostsPage: Looking for Apply button
24/06/06 22:14:54 DEBUG PostsPage: Clicking for Apply button
24/06/06 22:14:59 DEBUG PostsPage: Check post is deleted
]]></system-out>
  </testcase>
  <testcase name="testIncorrectLogIn" classname="org.itacademy.tests.IncorrectLoginTest" time="1.261">
    <system-out><![CDATA[24/06/06 22:14:59 INFO Browser: Browser is closed
24/06/06 22:14:59 INFO BaseTest: Before test method
24/06/06 22:14:59 INFO Browser: Driver init
24/06/06 22:14:59 DEBUG Browser: Init method of browser
24/06/06 22:14:59 INFO BrowserFactory: Test try runs on browser : CHROME
24/06/06 22:15:01 DEBUG BrowserFactory: Driver ChromeDriver: chrome on mac (7053006da2cf38d349cbb84736549643)
24/06/06 22:15:05 INFO Browser: Browser is started
24/06/06 22:15:05 INFO IncorrectLoginTest: Test incorrect login is started
24/06/06 22:15:05 DEBUG JsonUtil: Getting User model from Json
24/06/06 22:15:05 DEBUG JsonUtil: Getting data from Json
24/06/06 22:15:05 DEBUG JsonUtil: Getting User model from Json
24/06/06 22:15:05 DEBUG JsonUtil: Getting data from Json
24/06/06 22:15:05 DEBUG LoginPage: looking for Login input field
24/06/06 22:15:05 DEBUG LoginPage: looking for Password input field
24/06/06 22:15:05 DEBUG LoginPage: Entering login and password
24/06/06 22:15:05 DEBUG LoginPage: Looking for Log in button
24/06/06 22:15:05 DEBUG LoginPage: Clicking on Log in button
24/06/06 22:15:06 INFO IncorrectLoginTest: Test incorrect login is finished
]]></system-out>
  </testcase>
</testsuite>